Arguments: 
  G:\node\node.exe C:\Users\andriy\AppData\Roaming\npm\node_modules\yarn\bin\yarn.js add nodemon

PATH: 
  C:\Python310\Scripts\;C:\Python310\;C:\Program Files (x86)\NVIDIA Corporation\PhysX\Common;C:\ProgramData\Oracle\Java\javapath;C:\Windows\system32;C:\Windows;C:\Windows\System32\Wbem;C:\Windows\System32\WindowsPowerShell\v1.0\;C:\Windows\System32\OpenSSH\;D:\Git\cmd;C:\ProgramData\chocolatey\bin;C:\Users\andriy\AppData\Local\Microsoft\WindowsApps;C:\Users\andriy\AppData\Local\Programs\Microsoft VS Code\bin;C:\Users\andriy\AppData\Local\GitHubDesktop\bin;C:\Users\andriy\AppData\Roaming\npm;D:\heroku\bin;C:\adb;C:\Program Files\Docker\Docker\resources\bin;C:\ProgramData\DockerDesktop\version-bin;G:\node\;C:\Users\andriy\AppData\Local\Microsoft\WindowsApps;C:\Users\andriy\AppData\Local\GitHubDesktop\bin;D:\heroku\bin;C:\Users\andriy\AppData\Local\Programs\Microsoft VS Code\bin;;D:\Inkscape\bin;C:\Users\andriy\AppData\Roaming\npm

Yarn version: 
  1.22.19

Node version: 
  18.12.1

Platform: 
  win32 x64

Trace: 
  Error: getaddrinfo ENOTFOUND registry.yarnpkg.com
      at GetAddrInfoReqWrap.onlookup [as oncomplete] (node:dns:109:26)

npm manifest: 
  {
    "name": "naurok_parser_back",
    "version": "1.0.0",
    "description": "",
    "main": "/src/app.ts",
    "scripts": {
      "test": "echo \"Error: no test specified\" && exit 1"
    },
    "keywords": [],
    "author": "Andriy Dubovich",
    "license": "ISC",
    "devDependencies": {
      "typescript": "^4.8.4"
    },
    "dependencies": {
      "@types/express": "^4.17.14",
      "express": "^4.18.2"
    }
  }

yarn manifest: 
  No manifest

Lockfile: 
  No lockfile
